android-editor/build/intermediates/manifest_merge_blame_file/release/manifest-merger-blame-release-report.txt
1<?xml version="1.0" encoding="utf-8"?>
2<manifest xmlns:android="http://schemas.android.com/apk/res/android"
3    package="ru.myitschool.cubegame"
4    android:versionCode="1"
5    android:versionName="1.0" >
6
7    <uses-sdk
7-->android-editor\AndroidManifest.xml:7:5-47
8        android:minSdkVersion="26"
8-->android-editor\AndroidManifest.xml:7:5-47
9        android:targetSdkVersion="26" />
9-->android-editor\AndroidManifest.xml:7:15-44
10
11    <application
11-->android-editor\AndroidManifest.xml:9:5-24:19
12        android:allowBackup="true"
12-->android-editor\AndroidManifest.xml:10:9-35
13        android:extractNativeLibs="false"
14        android:icon="@drawable/ic_launcher2"
14-->android-editor\AndroidManifest.xml:11:9-46
15        android:label="@string/app_name"
15-->android-editor\AndroidManifest.xml:12:9-41
16        android:theme="@style/GdxTheme" >
16-->android-editor\AndroidManifest.xml:13:9-40
17        <activity
17-->android-editor\AndroidManifest.xml:14:9-23:20
18            android:name="ru.myitschool.cubegame.ru.myitschool.dcrawler.AndroidLauncher"
18-->android-editor\AndroidManifest.xml:15:13-89
19            android:configChanges="keyboard|keyboardHidden|orientation|screenSize"
19-->android-editor\AndroidManifest.xml:18:13-83
20            android:label="@string/app_name"
20-->android-editor\AndroidManifest.xml:16:13-45
21            android:screenOrientation="landscape" >
21-->android-editor\AndroidManifest.xml:17:13-50
22            <intent-filter>
22-->android-editor\AndroidManifest.xml:19:13-22:29
23                <action android:name="android.intent.action.MAIN" />
23-->android-editor\AndroidManifest.xml:20:17-69
23-->android-editor\AndroidManifest.xml:20:25-66
24
25                <category android:name="android.intent.category.LAUNCHER" />
25-->android-editor\AndroidManifest.xml:21:17-77
25-->android-editor\AndroidManifest.xml:21:27-74
26            </intent-filter>
27        </activity>
28    </application>
29
30</manifest>